mode: set
github.com/manicar2093/YoFioExamen/dao/dao.go:14.48,16.2 1 1
github.com/manicar2093/YoFioExamen/dao/dao.go:18.87,25.2 1 1
github.com/manicar2093/YoFioExamen/controllers/controllers.go:17.83,21.2 1 1
github.com/manicar2093/YoFioExamen/controllers/controllers.go:23.90,29.14 4 1
github.com/manicar2093/YoFioExamen/controllers/controllers.go:42.2,49.8 3 1
github.com/manicar2093/YoFioExamen/controllers/controllers.go:29.14,31.50 1 1
github.com/manicar2093/YoFioExamen/controllers/controllers.go:37.3,38.9 2 1
github.com/manicar2093/YoFioExamen/controllers/controllers.go:31.50,35.4 2 1
github.com/manicar2093/YoFioExamen/services/investment_filter.go:17.54,19.2 1 1
github.com/manicar2093/YoFioExamen/services/investment_filter.go:21.115,30.39 6 1
github.com/manicar2093/YoFioExamen/services/investment_filter.go:45.2,45.63 1 1
github.com/manicar2093/YoFioExamen/services/investment_filter.go:50.2,54.10 3 1
github.com/manicar2093/YoFioExamen/services/investment_filter.go:58.2,62.10 3 1
github.com/manicar2093/YoFioExamen/services/investment_filter.go:30.39,31.7 1 1
github.com/manicar2093/YoFioExamen/services/investment_filter.go:31.7,32.62 1 1
github.com/manicar2093/YoFioExamen/services/investment_filter.go:35.4,35.73 1 1
github.com/manicar2093/YoFioExamen/services/investment_filter.go:32.62,33.10 1 1
github.com/manicar2093/YoFioExamen/services/investment_filter.go:35.73,39.5 3 1
github.com/manicar2093/YoFioExamen/services/investment_filter.go:39.10,41.5 1 1
github.com/manicar2093/YoFioExamen/services/investment_filter.go:45.63,48.3 2 1
github.com/manicar2093/YoFioExamen/services/investment_filter.go:54.10,56.3 1 1
github.com/manicar2093/YoFioExamen/services/investment_filter.go:67.122,68.35 1 1
github.com/manicar2093/YoFioExamen/services/investment_filter.go:73.2,73.41 1 1
github.com/manicar2093/YoFioExamen/services/investment_filter.go:68.35,69.61 1 1
github.com/manicar2093/YoFioExamen/services/investment_filter.go:69.61,71.4 1 1
github.com/manicar2093/YoFioExamen/services/investment_filter.go:77.62,87.2 4 1
github.com/manicar2093/YoFioExamen/services/investment_filter.go:89.36,90.11 1 1
github.com/manicar2093/YoFioExamen/services/investment_filter.go:93.2,93.12 1 1
github.com/manicar2093/YoFioExamen/services/investment_filter.go:90.11,92.3 1 1
github.com/manicar2093/YoFioExamen/services/investment_filter.go:96.27,98.2 1 1
github.com/manicar2093/YoFioExamen/services/services.go:14.43,16.2 1 0
github.com/manicar2093/YoFioExamen/services/services.go:27.107,32.2 1 1
github.com/manicar2093/YoFioExamen/services/services.go:34.83,36.14 2 1
github.com/manicar2093/YoFioExamen/services/services.go:39.2,44.14 5 1
github.com/manicar2093/YoFioExamen/services/services.go:47.2,47.57 1 1
github.com/manicar2093/YoFioExamen/services/services.go:36.14,38.3 1 1
github.com/manicar2093/YoFioExamen/services/services.go:44.14,46.3 1 1
